Drill report for ParaPRZEKAZNIK.kicad_pcb
Created on pią, 11 lip 2025, 21:35:43

Copper Layer Stackup:
    =============================================================
    L1 :  F.Cu                      front
    L2 :  B.Cu                      back


Drill file 'ParaPRZEKAZNIK-PTH.drl' contains
    plated through holes:
    =============================================================
    T1  0.254mm  0.0100"  (11 holes)
    T2  0.406mm  0.0160"  (99 holes)
    T3  0.762mm  0.0300"  (1 hole)
    T4  0.800mm  0.0315"  (8 holes)
    T5  0.900mm  0.0354"  (8 holes)
    T6  1.000mm  0.0394"  (36 holes)
    T7  1.016mm  0.0400"  (10 holes)
    T8  1.200mm  0.0472"  (24 holes)

    Total plated holes count 197


Drill file 'ParaPRZEKAZNIK-NPTH.drl' contains
    unplated through holes:
    =============================================================
    T1  3.450mm  0.1358"  (2 holes)

    Total unplated holes count 2
